[ 2017-03-08T19:45:35+08:00 ] ::1 /chacode/index.php?s=/Admin/Manager/Login
INFO: [ app_init ] --START--
INFO: Run Behavior\BuildLiteBehavior [ RunTime:0.000011s ]
INFO: [ app_init ] --END-- [ RunTime:0.000458s ]
INFO: [ app_begin ] --START--
INFO: Run Behavior\ReadHtmlCacheBehavior [ RunTime:0.000381s ]
INFO: [ app_begin ] --END-- [ RunTime:0.000421s ]
INFO: [ view_parse ] --START--
INFO: [ template_filter ] --START--
INFO: Run Behavior\ContentReplaceBehavior [ RunTime:0.000039s ]
INFO: [ template_filter ] --END-- [ RunTime:0.000073s ]
INFO: Run Behavior\ParseTemplateBehavior [ RunTime:0.007841s ]
INFO: [ view_parse ] --END-- [ RunTime:0.007888s ]
INFO: [ view_filter ] --START--
INFO: Run Behavior\WriteHtmlCacheBehavior [ RunTime:0.000213s ]
INFO: [ view_filter ] --END-- [ RunTime:0.000237s ]
INFO: [ app_end ] --START--
INFO: Run Behavior\ShowPageTraceBehavior [ RunTime:0.000732s ]
INFO: [ app_end ] --END-- [ RunTime:0.000785s ]

[ 2017-03-08T19:45:35+08:00 ] ::1 /chacode/index.php?s=/Admin/Manager/verify
INFO: [ app_init ] --START--
INFO: Run Behavior\BuildLiteBehavior [ RunTime:0.000012s ]
INFO: [ app_init ] --END-- [ RunTime:0.000333s ]
INFO: [ app_begin ] --START--
INFO: Run Behavior\ReadHtmlCacheBehavior [ RunTime:0.000528s ]
INFO: [ app_begin ] --END-- [ RunTime:0.000573s ]
INFO: [ app_end ] --START--
INFO: Run Behavior\ShowPageTraceBehavior [ RunTime:0.000514s ]
INFO: [ app_end ] --END-- [ RunTime:0.000569s ]

[ 2017-03-08T19:46:26+08:00 ] ::1 /chacode/index.php?s=/Admin/Manager/Login
INFO: [ app_init ] --START--
INFO: Run Behavior\BuildLiteBehavior [ RunTime:0.000011s ]
INFO: [ app_init ] --END-- [ RunTime:0.000320s ]
INFO: [ app_begin ] --START--
INFO: Run Behavior\ReadHtmlCacheBehavior [ RunTime:0.000289s ]
INFO: [ app_begin ] --END-- [ RunTime:0.000317s ]
INFO: [ view_parse ] --START--
INFO: [ template_filter ] --START--
INFO: Run Behavior\ContentReplaceBehavior [ RunTime:0.000037s ]
INFO: [ template_filter ] --END-- [ RunTime:0.000070s ]
INFO: Run Behavior\ParseTemplateBehavior [ RunTime:0.004513s ]
INFO: [ view_parse ] --END-- [ RunTime:0.004537s ]
INFO: [ view_filter ] --START--
INFO: Run Behavior\WriteHtmlCacheBehavior [ RunTime:0.000095s ]
INFO: [ view_filter ] --END-- [ RunTime:0.000109s ]
INFO: [ app_end ] --START--
INFO: Run Behavior\ShowPageTraceBehavior [ RunTime:0.000295s ]
INFO: [ app_end ] --END-- [ RunTime:0.000313s ]

[ 2017-03-08T19:46:26+08:00 ] ::1 /chacode/index.php?s=/Admin/Manager/verify
INFO: [ app_init ] --START--
INFO: Run Behavior\BuildLiteBehavior [ RunTime:0.000016s ]
INFO: [ app_init ] --END-- [ RunTime:0.000332s ]
INFO: [ app_begin ] --START--
INFO: Run Behavior\ReadHtmlCacheBehavior [ RunTime:0.000430s ]
INFO: [ app_begin ] --END-- [ RunTime:0.000489s ]
INFO: [ app_end ] --START--
INFO: Run Behavior\ShowPageTraceBehavior [ RunTime:0.000542s ]
INFO: [ app_end ] --END-- [ RunTime:0.000598s ]

[ 2017-03-08T19:46:28+08:00 ] ::1 /chacode/index.php?s=/Admin/Manager/Login
INFO: [ app_init ] --START--
INFO: Run Behavior\BuildLiteBehavior [ RunTime:0.000006s ]
INFO: [ app_init ] --END-- [ RunTime:0.000179s ]
INFO: [ app_begin ] --START--
INFO: Run Behavior\ReadHtmlCacheBehavior [ RunTime:0.000220s ]
INFO: [ app_begin ] --END-- [ RunTime:0.000241s ]
INFO: [ view_parse ] --START--
INFO: [ template_filter ] --START--
INFO: Run Behavior\ContentReplaceBehavior [ RunTime:0.000031s ]
INFO: [ template_filter ] --END-- [ RunTime:0.000057s ]
INFO: Run Behavior\ParseTemplateBehavior [ RunTime:0.002910s ]
INFO: [ view_parse ] --END-- [ RunTime:0.002930s ]
INFO: [ view_filter ] --START--
INFO: Run Behavior\WriteHtmlCacheBehavior [ RunTime:0.000076s ]
INFO: [ view_filter ] --END-- [ RunTime:0.000090s ]
INFO: [ app_end ] --START--
INFO: Run Behavior\ShowPageTraceBehavior [ RunTime:0.000260s ]
INFO: [ app_end ] --END-- [ RunTime:0.000276s ]

[ 2017-03-08T19:46:28+08:00 ] ::1 /chacode/index.php?s=/Admin/Manager/verify
INFO: [ app_init ] --START--
INFO: Run Behavior\BuildLiteBehavior [ RunTime:0.000007s ]
INFO: [ app_init ] --END-- [ RunTime:0.000219s ]
INFO: [ app_begin ] --START--
INFO: Run Behavior\ReadHtmlCacheBehavior [ RunTime:0.000512s ]
INFO: [ app_begin ] --END-- [ RunTime:0.000557s ]
INFO: [ app_end ] --START--
INFO: Run Behavior\ShowPageTraceBehavior [ RunTime:0.000548s ]
INFO: [ app_end ] --END-- [ RunTime:0.000609s ]

[ 2017-03-08T19:47:12+08:00 ] ::1 /chacode/index.php?s=/Admin/Manager/Login
INFO: [ app_init ] --START--
INFO: Run Behavior\BuildLiteBehavior [ RunTime:0.000011s ]
INFO: [ app_init ] --END-- [ RunTime:0.000300s ]
INFO: [ app_begin ] --START--
INFO: Run Behavior\ReadHtmlCacheBehavior [ RunTime:0.000287s ]
INFO: [ app_begin ] --END-- [ RunTime:0.000316s ]
INFO: [ view_parse ] --START--
INFO: [ template_filter ] --START--
INFO: Run Behavior\ContentReplaceBehavior [ RunTime:0.000036s ]
INFO: [ template_filter ] --END-- [ RunTime:0.000068s ]
INFO: Run Behavior\ParseTemplateBehavior [ RunTime:0.004437s ]
INFO: [ view_parse ] --END-- [ RunTime:0.004469s ]
INFO: [ view_filter ] --START--
INFO: Run Behavior\WriteHtmlCacheBehavior [ RunTime:0.000101s ]
INFO: [ view_filter ] --END-- [ RunTime:0.000119s ]
INFO: [ app_end ] --START--
INFO: Run Behavior\ShowPageTraceBehavior [ RunTime:0.000321s ]
INFO: [ app_end ] --END-- [ RunTime:0.000340s ]

[ 2017-03-08T19:47:12+08:00 ] ::1 /chacode/index.php?s=/Admin/Manager/verify
INFO: [ app_init ] --START--
INFO: Run Behavior\BuildLiteBehavior [ RunTime:0.000012s ]
INFO: [ app_init ] --END-- [ RunTime:0.000378s ]
INFO: [ app_begin ] --START--
INFO: Run Behavior\ReadHtmlCacheBehavior [ RunTime:0.000453s ]
INFO: [ app_begin ] --END-- [ RunTime:0.000504s ]
INFO: [ app_end ] --START--
INFO: Run Behavior\ShowPageTraceBehavior [ RunTime:0.000584s ]
INFO: [ app_end ] --END-- [ RunTime:0.000649s ]

[ 2017-03-08T19:47:14+08:00 ] ::1 /chacode/index.php?s=/Admin/Manager/Login
INFO: [ app_init ] --START--
INFO: Run Behavior\BuildLiteBehavior [ RunTime:0.000007s ]
INFO: [ app_init ] --END-- [ RunTime:0.000191s ]
INFO: [ app_begin ] --START--
INFO: Run Behavior\ReadHtmlCacheBehavior [ RunTime:0.000369s ]
INFO: [ app_begin ] --END-- [ RunTime:0.000403s ]
INFO: [ view_parse ] --START--
INFO: [ template_filter ] --START--
INFO: Run Behavior\ContentReplaceBehavior [ RunTime:0.000032s ]
INFO: [ template_filter ] --END-- [ RunTime:0.000066s ]
INFO: Run Behavior\ParseTemplateBehavior [ RunTime:0.002938s ]
INFO: [ view_parse ] --END-- [ RunTime:0.002959s ]
INFO: [ view_filter ] --START--
INFO: Run Behavior\WriteHtmlCacheBehavior [ RunTime:0.000081s ]
INFO: [ view_filter ] --END-- [ RunTime:0.000095s ]
INFO: [ app_end ] --START--
INFO: Run Behavior\ShowPageTraceBehavior [ RunTime:0.000267s ]
INFO: [ app_end ] --END-- [ RunTime:0.000300s ]

[ 2017-03-08T19:47:14+08:00 ] ::1 /chacode/index.php?s=/Admin/Manager/verify
INFO: [ app_init ] --START--
INFO: Run Behavior\BuildLiteBehavior [ RunTime:0.000011s ]
INFO: [ app_init ] --END-- [ RunTime:0.000343s ]
INFO: [ app_begin ] --START--
INFO: Run Behavior\ReadHtmlCacheBehavior [ RunTime:0.000756s ]
INFO: [ app_begin ] --END-- [ RunTime:0.000815s ]
INFO: [ app_end ] --START--
INFO: Run Behavior\ShowPageTraceBehavior [ RunTime:0.000686s ]
INFO: [ app_end ] --END-- [ RunTime:0.000749s ]

[ 2017-03-08T19:48:10+08:00 ] ::1 /chacode/index.php?s=/Admin/Manager/Login
INFO: [ app_init ] --START--
INFO: Run Behavior\BuildLiteBehavior [ RunTime:0.000009s ]
INFO: [ app_init ] --END-- [ RunTime:0.000251s ]
INFO: [ app_begin ] --START--
INFO: Run Behavior\ReadHtmlCacheBehavior [ RunTime:0.000252s ]
INFO: [ app_begin ] --END-- [ RunTime:0.000285s ]
INFO: [ view_parse ] --START--
INFO: [ template_filter ] --START--
INFO: Run Behavior\ContentReplaceBehavior [ RunTime:0.000033s ]
INFO: [ template_filter ] --END-- [ RunTime:0.000058s ]
INFO: Run Behavior\ParseTemplateBehavior [ RunTime:0.004043s ]
INFO: [ view_parse ] --END-- [ RunTime:0.004093s ]
INFO: [ view_filter ] --START--
INFO: Run Behavior\WriteHtmlCacheBehavior [ RunTime:0.000086s ]
INFO: [ view_filter ] --END-- [ RunTime:0.000100s ]
INFO: [ app_end ] --START--
INFO: Run Behavior\ShowPageTraceBehavior [ RunTime:0.000271s ]
INFO: [ app_end ] --END-- [ RunTime:0.000287s ]

[ 2017-03-08T19:48:10+08:00 ] ::1 /chacode/index.php?s=/Admin/Manager/verify
INFO: [ app_init ] --START--
INFO: Run Behavior\BuildLiteBehavior [ RunTime:0.000012s ]
INFO: [ app_init ] --END-- [ RunTime:0.000344s ]
INFO: [ app_begin ] --START--
INFO: Run Behavior\ReadHtmlCacheBehavior [ RunTime:0.000443s ]
INFO: [ app_begin ] --END-- [ RunTime:0.000495s ]
INFO: [ app_end ] --START--
INFO: Run Behavior\ShowPageTraceBehavior [ RunTime:0.000566s ]
INFO: [ app_end ] --END-- [ RunTime:0.000626s ]

[ 2017-03-08T19:48:18+08:00 ] ::1 /chacode/index.php?s=/Admin/Manager/login
INFO: [ app_init ] --START--
INFO: Run Behavior\BuildLiteBehavior [ RunTime:0.000008s ]
INFO: [ app_init ] --END-- [ RunTime:0.000238s ]
INFO: [ app_begin ] --START--
INFO: Run Behavior\ReadHtmlCacheBehavior [ RunTime:0.000521s ]
INFO: [ app_begin ] --END-- [ RunTime:0.000591s ]
SQL: SHOW COLUMNS FROM `code_basic` [ RunTime:0.001958s ]
ERR: 1146:Table 'chacode.code_basic' doesn't exist
 [ SQL语句 ] : SHOW COLUMNS FROM `code_basic`
SQL: SHOW COLUMNS FROM `code_admin` [ RunTime:0.003757s ]
SQL: SELECT * FROM `code_admin` WHERE ( `account` = 'admin' ) AND ( `status` <> '9' ) LIMIT 1   [ RunTime:0.001498s ]
INFO: [ view_parse ] --START--
INFO: [ template_filter ] --START--
INFO: Run Behavior\ContentReplaceBehavior [ RunTime:0.000041s ]
INFO: [ template_filter ] --END-- [ RunTime:0.000083s ]
INFO: Run Behavior\ParseTemplateBehavior [ RunTime:0.009532s ]
INFO: [ view_parse ] --END-- [ RunTime:0.009567s ]
INFO: [ view_filter ] --START--
INFO: Run Behavior\WriteHtmlCacheBehavior [ RunTime:0.000116s ]
INFO: [ view_filter ] --END-- [ RunTime:0.000136s ]
INFO: [ app_end ] --START--
INFO: Run Behavior\ShowPageTraceBehavior [ RunTime:0.000395s ]
INFO: [ app_end ] --END-- [ RunTime:0.000418s ]

[ 2017-03-08T19:48:19+08:00 ] ::1 /chacode/index.php?s=/Admin/Index/index
INFO: [ app_init ] --START--
INFO: Run Behavior\BuildLiteBehavior [ RunTime:0.000018s ]
INFO: [ app_init ] --END-- [ RunTime:0.000325s ]
INFO: [ app_begin ] --START--
INFO: Run Behavior\ReadHtmlCacheBehavior [ RunTime:0.000270s ]
INFO: [ app_begin ] --END-- [ RunTime:0.000294s ]
SQL: SHOW COLUMNS FROM `code_basic` [ RunTime:0.001951s ]
ERR: 1146:Table 'chacode.code_basic' doesn't exist
 [ SQL语句 ] : SHOW COLUMNS FROM `code_basic`
INFO: [ view_parse ] --START--
INFO: [ template_filter ] --START--
INFO: Run Behavior\ContentReplaceBehavior [ RunTime:0.000014s ]
INFO: [ template_filter ] --END-- [ RunTime:0.000037s ]
INFO: Run Behavior\ParseTemplateBehavior [ RunTime:0.002659s ]
INFO: [ view_parse ] --END-- [ RunTime:0.002681s ]
INFO: [ view_filter ] --START--
INFO: Run Behavior\WriteHtmlCacheBehavior [ RunTime:0.000076s ]
INFO: [ view_filter ] --END-- [ RunTime:0.000090s ]
INFO: [ app_end ] --START--
INFO: Run Behavior\ShowPageTraceBehavior [ RunTime:0.000277s ]
INFO: [ app_end ] --END-- [ RunTime:0.000293s ]

[ 2017-03-08T19:48:19+08:00 ] ::1 /chacode/index.php?s=/Admin/Index/top
INFO: [ app_init ] --START--
INFO: Run Behavior\BuildLiteBehavior [ RunTime:0.000011s ]
INFO: [ app_init ] --END-- [ RunTime:0.000323s ]
INFO: [ app_begin ] --START--
INFO: Run Behavior\ReadHtmlCacheBehavior [ RunTime:0.000393s ]
INFO: [ app_begin ] --END-- [ RunTime:0.000431s ]
SQL: SHOW COLUMNS FROM `code_basic` [ RunTime:0.002381s ]
ERR: 1146:Table 'chacode.code_basic' doesn't exist
 [ SQL语句 ] : SHOW COLUMNS FROM `code_basic`
INFO: [ view_parse ] --START--
INFO: [ template_filter ] --START--
INFO: Run Behavior\ContentReplaceBehavior [ RunTime:0.000028s ]
INFO: [ template_filter ] --END-- [ RunTime:0.000080s ]
INFO: Run Behavior\ParseTemplateBehavior [ RunTime:0.002460s ]
INFO: [ view_parse ] --END-- [ RunTime:0.002503s ]
INFO: [ view_filter ] --START--
INFO: Run Behavior\WriteHtmlCacheBehavior [ RunTime:0.000144s ]
INFO: [ view_filter ] --END-- [ RunTime:0.000172s ]
INFO: [ app_end ] --START--
INFO: Run Behavior\ShowPageTraceBehavior [ RunTime:0.000501s ]
INFO: [ app_end ] --END-- [ RunTime:0.000539s ]

[ 2017-03-08T19:48:19+08:00 ] ::1 /chacode/index.php?s=/Admin/Index/left
INFO: [ app_init ] --START--
INFO: Run Behavior\BuildLiteBehavior [ RunTime:0.000019s ]
INFO: [ app_init ] --END-- [ RunTime:0.000405s ]
INFO: [ app_begin ] --START--
INFO: Run Behavior\ReadHtmlCacheBehavior [ RunTime:0.000452s ]
INFO: [ app_begin ] --END-- [ RunTime:0.000501s ]
SQL: SHOW COLUMNS FROM `code_basic` [ RunTime:0.002947s ]
ERR: 1146:Table 'chacode.code_basic' doesn't exist
 [ SQL语句 ] : SHOW COLUMNS FROM `code_basic`
INFO: [ view_parse ] --START--
INFO: [ template_filter ] --START--
INFO: Run Behavior\ContentReplaceBehavior [ RunTime:0.000058s ]
INFO: [ template_filter ] --END-- [ RunTime:0.000114s ]
INFO: Run Behavior\ParseTemplateBehavior [ RunTime:0.009755s ]
INFO: [ view_parse ] --END-- [ RunTime:0.009805s ]
INFO: [ view_filter ] --START--
INFO: Run Behavior\WriteHtmlCacheBehavior [ RunTime:0.000185s ]
INFO: [ view_filter ] --END-- [ RunTime:0.000214s ]
INFO: [ app_end ] --START--
INFO: Run Behavior\ShowPageTraceBehavior [ RunTime:0.000762s ]
INFO: [ app_end ] --END-- [ RunTime:0.000813s ]

[ 2017-03-08T19:48:19+08:00 ] ::1 /chacode/index.php?s=/Admin/Order/orderlist
INFO: [ app_init ] --START--
INFO: Run Behavior\BuildLiteBehavior [ RunTime:0.000014s ]
INFO: [ app_init ] --END-- [ RunTime:0.000708s ]
INFO: [ app_begin ] --START--
INFO: Run Behavior\ReadHtmlCacheBehavior [ RunTime:0.000489s ]
INFO: [ app_begin ] --END-- [ RunTime:0.000545s ]
SQL: SHOW COLUMNS FROM `code_ordadd` [ RunTime:0.002023s ]
ERR: 1146:Table 'chacode.code_ordadd' doesn't exist
 [ SQL语句 ] : SHOW COLUMNS FROM `code_ordadd`
SQL: SHOW COLUMNS FROM `code_orgood` [ RunTime:0.002319s ]
ERR: 1146:Table 'chacode.code_orgood' doesn't exist
 [ SQL语句 ] : SHOW COLUMNS FROM `code_orgood`
NOTIC: [8] Undefined index: type /Applications/XAMPP/xamppfiles/htdocs/chacode/Application/Admin/Controller/OrderController.class.php 第 38 行.
NOTIC: [8] Undefined index: ordname /Applications/XAMPP/xamppfiles/htdocs/chacode/Application/Admin/Controller/OrderController.class.php 第 40 行.
NOTIC: [8] Undefined index: addname /Applications/XAMPP/xamppfiles/htdocs/chacode/Application/Admin/Controller/OrderController.class.php 第 41 行.
NOTIC: [8] Undefined index: tel /Applications/XAMPP/xamppfiles/htdocs/chacode/Application/Admin/Controller/OrderController.class.php 第 42 行.
SQL: SELECT COUNT(*) AS tp_count FROM `code_ordadd` WHERE ( `type` <> 9 ) LIMIT 1   [ RunTime:0.000328s ]
ERR: 1146:Table 'chacode.code_ordadd' doesn't exist
 [ SQL语句 ] : SELECT COUNT(*) AS tp_count FROM `code_ordadd` WHERE ( `type` <> 9 ) LIMIT 1  
NOTIC: [8] Undefined variable: parameter /Applications/XAMPP/xamppfiles/htdocs/chacode/Application/Admin/Controller/OrderController.class.php 第 61 行.
SQL: SELECT * FROM `code_ordadd` WHERE ( `type` <> 9 ) ORDER BY update_time desc , type asc LIMIT 0,15   [ RunTime:0.000623s ]
ERR: 1146:Table 'chacode.code_ordadd' doesn't exist
 [ SQL语句 ] : SELECT * FROM `code_ordadd` WHERE ( `type` <> 9 ) ORDER BY update_time desc , type asc LIMIT 0,15  
INFO: [ view_parse ] --START--
INFO: [ template_filter ] --START--
INFO: Run Behavior\ContentReplaceBehavior [ RunTime:0.000071s ]
INFO: [ template_filter ] --END-- [ RunTime:0.000113s ]
NOTIC: [8] Undefined variable: tab_type /Applications/XAMPP/xamppfiles/htdocs/chacode/Application/Runtime/Cache/Admin/8152765a2197b3666aff95d9a9c81666.php 第 18 行.
NOTIC: [8] Undefined variable: tab_type /Applications/XAMPP/xamppfiles/htdocs/chacode/Application/Runtime/Cache/Admin/8152765a2197b3666aff95d9a9c81666.php 第 19 行.
NOTIC: [8] Undefined variable: tab_type /Applications/XAMPP/xamppfiles/htdocs/chacode/Application/Runtime/Cache/Admin/8152765a2197b3666aff95d9a9c81666.php 第 20 行.
NOTIC: [8] Undefined variable: tab_type /Applications/XAMPP/xamppfiles/htdocs/chacode/Application/Runtime/Cache/Admin/8152765a2197b3666aff95d9a9c81666.php 第 21 行.
NOTIC: [8] Undefined index: ordname /Applications/XAMPP/xamppfiles/htdocs/chacode/Application/Runtime/Cache/Admin/8152765a2197b3666aff95d9a9c81666.php 第 28 行.
NOTIC: [8] Undefined index: addname /Applications/XAMPP/xamppfiles/htdocs/chacode/Application/Runtime/Cache/Admin/8152765a2197b3666aff95d9a9c81666.php 第 29 行.
NOTIC: [8] Undefined index: tel /Applications/XAMPP/xamppfiles/htdocs/chacode/Application/Runtime/Cache/Admin/8152765a2197b3666aff95d9a9c81666.php 第 30 行.
NOTIC: [8] Undefined index: type /Applications/XAMPP/xamppfiles/htdocs/chacode/Application/Runtime/Cache/Admin/8152765a2197b3666aff95d9a9c81666.php 第 34 行.
NOTIC: [8] Undefined index: type /Applications/XAMPP/xamppfiles/htdocs/chacode/Application/Runtime/Cache/Admin/8152765a2197b3666aff95d9a9c81666.php 第 35 行.
NOTIC: [8] Undefined index: type /Applications/XAMPP/xamppfiles/htdocs/chacode/Application/Runtime/Cache/Admin/8152765a2197b3666aff95d9a9c81666.php 第 36 行.
NOTIC: [8] Undefined index: type /Applications/XAMPP/xamppfiles/htdocs/chacode/Application/Runtime/Cache/Admin/8152765a2197b3666aff95d9a9c81666.php 第 37 行.
INFO: Run Behavior\ParseTemplateBehavior [ RunTime:0.012998s ]
INFO: [ view_parse ] --END-- [ RunTime:0.013041s ]
INFO: [ view_filter ] --START--
INFO: Run Behavior\WriteHtmlCacheBehavior [ RunTime:0.000186s ]
INFO: [ view_filter ] --END-- [ RunTime:0.000213s ]
INFO: [ app_end ] --START--
INFO: Run Behavior\ShowPageTraceBehavior [ RunTime:0.000537s ]
INFO: [ app_end ] --END-- [ RunTime:0.000576s ]

[ 2017-03-08T19:48:45+08:00 ] ::1 /chacode/index.php?s=/Admin/Manager/logout
INFO: [ app_init ] --START--
INFO: Run Behavior\BuildLiteBehavior [ RunTime:0.000010s ]
INFO: [ app_init ] --END-- [ RunTime:0.000386s ]
INFO: [ app_begin ] --START--
INFO: Run Behavior\ReadHtmlCacheBehavior [ RunTime:0.000405s ]
INFO: [ app_begin ] --END-- [ RunTime:0.000444s ]

[ 2017-03-08T19:48:45+08:00 ] ::1 /chacode/index.php?s=/Admin/Manager/login
INFO: [ app_init ] --START--
INFO: Run Behavior\BuildLiteBehavior [ RunTime:0.000006s ]
INFO: [ app_init ] --END-- [ RunTime:0.000189s ]
INFO: [ app_begin ] --START--
INFO: Run Behavior\ReadHtmlCacheBehavior [ RunTime:0.000346s ]
INFO: [ app_begin ] --END-- [ RunTime:0.000370s ]
INFO: [ view_parse ] --START--
INFO: [ template_filter ] --START--
INFO: Run Behavior\ContentReplaceBehavior [ RunTime:0.000033s ]
INFO: [ template_filter ] --END-- [ RunTime:0.000066s ]
INFO: Run Behavior\ParseTemplateBehavior [ RunTime:0.004724s ]
INFO: [ view_parse ] --END-- [ RunTime:0.004754s ]
INFO: [ view_filter ] --START--
INFO: Run Behavior\WriteHtmlCacheBehavior [ RunTime:0.000108s ]
INFO: [ view_filter ] --END-- [ RunTime:0.000125s ]
INFO: [ app_end ] --START--
INFO: Run Behavior\ShowPageTraceBehavior [ RunTime:0.000450s ]
INFO: [ app_end ] --END-- [ RunTime:0.000481s ]

[ 2017-03-08T19:48:45+08:00 ] ::1 /chacode/index.php?s=/Admin/Manager/verify
INFO: [ app_init ] --START--
INFO: Run Behavior\BuildLiteBehavior [ RunTime:0.000011s ]
INFO: [ app_init ] --END-- [ RunTime:0.000254s ]
INFO: [ app_begin ] --START--
INFO: Run Behavior\ReadHtmlCacheBehavior [ RunTime:0.000392s ]
INFO: [ app_begin ] --END-- [ RunTime:0.000433s ]
INFO: [ app_end ] --START--
INFO: Run Behavior\ShowPageTraceBehavior [ RunTime:0.000382s ]
INFO: [ app_end ] --END-- [ RunTime:0.000423s ]

[ 2017-03-08T19:48:53+08:00 ] ::1 /chacode/index.php?s=/Admin/Manager/login
INFO: [ app_init ] --START--
INFO: Run Behavior\BuildLiteBehavior [ RunTime:0.000006s ]
INFO: [ app_init ] --END-- [ RunTime:0.000291s ]
INFO: [ app_begin ] --START--
INFO: Run Behavior\ReadHtmlCacheBehavior [ RunTime:0.000223s ]
INFO: [ app_begin ] --END-- [ RunTime:0.000245s ]
SQL: SHOW COLUMNS FROM `code_basic` [ RunTime:0.002073s ]
ERR: 1146:Table 'chacode.code_basic' doesn't exist
 [ SQL语句 ] : SHOW COLUMNS FROM `code_basic`
SQL: SHOW COLUMNS FROM `code_admin` [ RunTime:0.003389s ]
SQL: SELECT * FROM `code_admin` WHERE ( `account` = 'admin' ) AND ( `status` <> '9' ) LIMIT 1   [ RunTime:0.000365s ]
INFO: [ view_parse ] --START--
INFO: [ template_filter ] --START--
INFO: Run Behavior\ContentReplaceBehavior [ RunTime:0.000031s ]
INFO: [ template_filter ] --END-- [ RunTime:0.000060s ]
INFO: Run Behavior\ParseTemplateBehavior [ RunTime:0.003566s ]
INFO: [ view_parse ] --END-- [ RunTime:0.003664s ]
INFO: [ view_filter ] --START--
INFO: Run Behavior\WriteHtmlCacheBehavior [ RunTime:0.000128s ]
INFO: [ view_filter ] --END-- [ RunTime:0.000148s ]
INFO: [ app_end ] --START--
INFO: Run Behavior\ShowPageTraceBehavior [ RunTime:0.000514s ]
INFO: [ app_end ] --END-- [ RunTime:0.000545s ]

[ 2017-03-08T19:48:54+08:00 ] ::1 /chacode/index.php?s=/Admin/Index/index
INFO: [ app_init ] --START--
INFO: Run Behavior\BuildLiteBehavior [ RunTime:0.000007s ]
INFO: [ app_init ] --END-- [ RunTime:0.000195s ]
INFO: [ app_begin ] --START--
INFO: Run Behavior\ReadHtmlCacheBehavior [ RunTime:0.000233s ]
INFO: [ app_begin ] --END-- [ RunTime:0.000255s ]
SQL: SHOW COLUMNS FROM `code_basic` [ RunTime:0.002057s ]
ERR: 1146:Table 'chacode.code_basic' doesn't exist
 [ SQL语句 ] : SHOW COLUMNS FROM `code_basic`
INFO: [ view_parse ] --START--
INFO: [ template_filter ] --START--
INFO: Run Behavior\ContentReplaceBehavior [ RunTime:0.000018s ]
INFO: [ template_filter ] --END-- [ RunTime:0.000049s ]
INFO: Run Behavior\ParseTemplateBehavior [ RunTime:0.002982s ]
INFO: [ view_parse ] --END-- [ RunTime:0.003005s ]
INFO: [ view_filter ] --START--
INFO: Run Behavior\WriteHtmlCacheBehavior [ RunTime:0.000100s ]
INFO: [ view_filter ] --END-- [ RunTime:0.000117s ]
INFO: [ app_end ] --START--
INFO: Run Behavior\ShowPageTraceBehavior [ RunTime:0.000416s ]
INFO: [ app_end ] --END-- [ RunTime:0.000438s ]

[ 2017-03-08T19:48:54+08:00 ] ::1 /chacode/index.php?s=/Admin/Index/top
INFO: [ app_init ] --START--
INFO: Run Behavior\BuildLiteBehavior [ RunTime:0.000010s ]
INFO: [ app_init ] --END-- [ RunTime:0.000289s ]
INFO: [ app_begin ] --START--
INFO: Run Behavior\ReadHtmlCacheBehavior [ RunTime:0.000385s ]
INFO: [ app_begin ] --END-- [ RunTime:0.000424s ]
SQL: SHOW COLUMNS FROM `code_basic` [ RunTime:0.001815s ]
ERR: 1146:Table 'chacode.code_basic' doesn't exist
 [ SQL语句 ] : SHOW COLUMNS FROM `code_basic`
INFO: [ view_parse ] --START--
INFO: [ template_filter ] --START--
INFO: Run Behavior\ContentReplaceBehavior [ RunTime:0.000025s ]
INFO: [ template_filter ] --END-- [ RunTime:0.000069s ]
INFO: Run Behavior\ParseTemplateBehavior [ RunTime:0.001708s ]
INFO: [ view_parse ] --END-- [ RunTime:0.001779s ]
INFO: [ view_filter ] --START--
INFO: Run Behavior\WriteHtmlCacheBehavior [ RunTime:0.000182s ]
INFO: [ view_filter ] --END-- [ RunTime:0.000214s ]
INFO: [ app_end ] --START--
INFO: Run Behavior\ShowPageTraceBehavior [ RunTime:0.000658s ]
INFO: [ app_end ] --END-- [ RunTime:0.000707s ]

[ 2017-03-08T19:48:54+08:00 ] ::1 /chacode/index.php?s=/Admin/Index/left
INFO: [ app_init ] --START--
INFO: Run Behavior\BuildLiteBehavior [ RunTime:0.000010s ]
INFO: [ app_init ] --END-- [ RunTime:0.000283s ]
INFO: [ app_begin ] --START--
INFO: Run Behavior\ReadHtmlCacheBehavior [ RunTime:0.000372s ]
INFO: [ app_begin ] --END-- [ RunTime:0.000404s ]
SQL: SHOW COLUMNS FROM `code_basic` [ RunTime:0.001750s ]
ERR: 1146:Table 'chacode.code_basic' doesn't exist
 [ SQL语句 ] : SHOW COLUMNS FROM `code_basic`
INFO: [ view_parse ] --START--
INFO: [ template_filter ] --START--
INFO: Run Behavior\ContentReplaceBehavior [ RunTime:0.000044s ]
INFO: [ template_filter ] --END-- [ RunTime:0.000074s ]
INFO: Run Behavior\ParseTemplateBehavior [ RunTime:0.004079s ]
INFO: [ view_parse ] --END-- [ RunTime:0.004107s ]
INFO: [ view_filter ] --START--
INFO: Run Behavior\WriteHtmlCacheBehavior [ RunTime:0.000103s ]
INFO: [ view_filter ] --END-- [ RunTime:0.000119s ]
INFO: [ app_end ] --START--
INFO: Run Behavior\ShowPageTraceBehavior [ RunTime:0.000340s ]
INFO: [ app_end ] --END-- [ RunTime:0.000360s ]

[ 2017-03-08T19:48:54+08:00 ] ::1 /chacode/index.php?s=/Admin/Order/orderlist
INFO: [ app_init ] --START--
INFO: Run Behavior\BuildLiteBehavior [ RunTime:0.000009s ]
INFO: [ app_init ] --END-- [ RunTime:0.000316s ]
INFO: [ app_begin ] --START--
INFO: Run Behavior\ReadHtmlCacheBehavior [ RunTime:0.000371s ]
INFO: [ app_begin ] --END-- [ RunTime:0.000406s ]
SQL: SHOW COLUMNS FROM `code_ordadd` [ RunTime:0.002201s ]
ERR: 1146:Table 'chacode.code_ordadd' doesn't exist
 [ SQL语句 ] : SHOW COLUMNS FROM `code_ordadd`
SQL: SHOW COLUMNS FROM `code_orgood` [ RunTime:0.001887s ]
ERR: 1146:Table 'chacode.code_orgood' doesn't exist
 [ SQL语句 ] : SHOW COLUMNS FROM `code_orgood`
NOTIC: [8] Undefined index: type /Applications/XAMPP/xamppfiles/htdocs/chacode/Application/Admin/Controller/OrderController.class.php 第 38 行.
NOTIC: [8] Undefined index: ordname /Applications/XAMPP/xamppfiles/htdocs/chacode/Application/Admin/Controller/OrderController.class.php 第 40 行.
NOTIC: [8] Undefined index: addname /Applications/XAMPP/xamppfiles/htdocs/chacode/Application/Admin/Controller/OrderController.class.php 第 41 行.
NOTIC: [8] Undefined index: tel /Applications/XAMPP/xamppfiles/htdocs/chacode/Application/Admin/Controller/OrderController.class.php 第 42 行.
SQL: SELECT COUNT(*) AS tp_count FROM `code_ordadd` WHERE ( `type` <> 9 ) LIMIT 1   [ RunTime:0.000251s ]
ERR: 1146:Table 'chacode.code_ordadd' doesn't exist
 [ SQL语句 ] : SELECT COUNT(*) AS tp_count FROM `code_ordadd` WHERE ( `type` <> 9 ) LIMIT 1  
NOTIC: [8] Undefined variable: parameter /Applications/XAMPP/xamppfiles/htdocs/chacode/Application/Admin/Controller/OrderController.class.php 第 61 行.
SQL: SELECT * FROM `code_ordadd` WHERE ( `type` <> 9 ) ORDER BY update_time desc , type asc LIMIT 0,15   [ RunTime:0.001446s ]
ERR: 1146:Table 'chacode.code_ordadd' doesn't exist
 [ SQL语句 ] : SELECT * FROM `code_ordadd` WHERE ( `type` <> 9 ) ORDER BY update_time desc , type asc LIMIT 0,15  
INFO: [ view_parse ] --START--
INFO: [ template_filter ] --START--
INFO: Run Behavior\ContentReplaceBehavior [ RunTime:0.000081s ]
INFO: [ template_filter ] --END-- [ RunTime:0.000145s ]
NOTIC: [8] Undefined variable: tab_type /Applications/XAMPP/xamppfiles/htdocs/chacode/Application/Runtime/Cache/Admin/8152765a2197b3666aff95d9a9c81666.php 第 18 行.
NOTIC: [8] Undefined variable: tab_type /Applications/XAMPP/xamppfiles/htdocs/chacode/Application/Runtime/Cache/Admin/8152765a2197b3666aff95d9a9c81666.php 第 19 行.
NOTIC: [8] Undefined variable: tab_type /Applications/XAMPP/xamppfiles/htdocs/chacode/Application/Runtime/Cache/Admin/8152765a2197b3666aff95d9a9c81666.php 第 20 行.
NOTIC: [8] Undefined variable: tab_type /Applications/XAMPP/xamppfiles/htdocs/chacode/Application/Runtime/Cache/Admin/8152765a2197b3666aff95d9a9c81666.php 第 21 行.
NOTIC: [8] Undefined index: ordname /Applications/XAMPP/xamppfiles/htdocs/chacode/Application/Runtime/Cache/Admin/8152765a2197b3666aff95d9a9c81666.php 第 28 行.
NOTIC: [8] Undefined index: addname /Applications/XAMPP/xamppfiles/htdocs/chacode/Application/Runtime/Cache/Admin/8152765a2197b3666aff95d9a9c81666.php 第 29 行.
NOTIC: [8] Undefined index: tel /Applications/XAMPP/xamppfiles/htdocs/chacode/Application/Runtime/Cache/Admin/8152765a2197b3666aff95d9a9c81666.php 第 30 行.
NOTIC: [8] Undefined index: type /Applications/XAMPP/xamppfiles/htdocs/chacode/Application/Runtime/Cache/Admin/8152765a2197b3666aff95d9a9c81666.php 第 34 行.
NOTIC: [8] Undefined index: type /Applications/XAMPP/xamppfiles/htdocs/chacode/Application/Runtime/Cache/Admin/8152765a2197b3666aff95d9a9c81666.php 第 35 行.
NOTIC: [8] Undefined index: type /Applications/XAMPP/xamppfiles/htdocs/chacode/Application/Runtime/Cache/Admin/8152765a2197b3666aff95d9a9c81666.php 第 36 行.
NOTIC: [8] Undefined index: type /Applications/XAMPP/xamppfiles/htdocs/chacode/Application/Runtime/Cache/Admin/8152765a2197b3666aff95d9a9c81666.php 第 37 行.
INFO: Run Behavior\ParseTemplateBehavior [ RunTime:0.009615s ]
INFO: [ view_parse ] --END-- [ RunTime:0.009671s ]
INFO: [ view_filter ] --START--
INFO: Run Behavior\WriteHtmlCacheBehavior [ RunTime:0.000286s ]
INFO: [ view_filter ] --END-- [ RunTime:0.000325s ]
INFO: [ app_end ] --START--
INFO: Run Behavior\ShowPageTraceBehavior [ RunTime:0.000598s ]
INFO: [ app_end ] --END-- [ RunTime:0.000671s ]

[ 2017-03-08T19:56:34+08:00 ] ::1 /chacode/index.php?s=/Admin/User/userlist
INFO: [ app_init ] --START--
INFO: Run Behavior\BuildLiteBehavior [ RunTime:0.000009s ]
INFO: [ app_init ] --END-- [ RunTime:0.000267s ]
INFO: [ app_begin ] --START--
INFO: Run Behavior\ReadHtmlCacheBehavior [ RunTime:0.000252s ]
INFO: [ app_begin ] --END-- [ RunTime:0.000277s ]
NOTIC: [8] Undefined index: name /Applications/XAMPP/xamppfiles/htdocs/chacode/Application/Admin/Controller/UserController.class.php 第 9 行.
SQL: SHOW COLUMNS FROM `code_useradd` [ RunTime:0.001925s ]
ERR: 1146:Table 'chacode.code_useradd' doesn't exist
 [ SQL语句 ] : SHOW COLUMNS FROM `code_useradd`
NOTIC: [8] Undefined variable: where /Applications/XAMPP/xamppfiles/htdocs/chacode/Application/Admin/Controller/UserController.class.php 第 13 行.
SQL: SELECT COUNT(*) AS tp_count FROM `code_useradd` LIMIT 1   [ RunTime:0.000218s ]
ERR: 1146:Table 'chacode.code_useradd' doesn't exist
 [ SQL语句 ] : SELECT COUNT(*) AS tp_count FROM `code_useradd` LIMIT 1  
NOTIC: [8] Undefined variable: where /Applications/XAMPP/xamppfiles/htdocs/chacode/Application/Admin/Controller/UserController.class.php 第 15 行.
SQL: SELECT * FROM `code_useradd` LIMIT 0,15   [ RunTime:0.000167s ]
ERR: 1146:Table 'chacode.code_useradd' doesn't exist
 [ SQL语句 ] : SELECT * FROM `code_useradd` LIMIT 0,15  
INFO: [ view_parse ] --START--
INFO: [ template_filter ] --START--
INFO: Run Behavior\ContentReplaceBehavior [ RunTime:0.000044s ]
INFO: [ template_filter ] --END-- [ RunTime:0.000069s ]
INFO: Run Behavior\ParseTemplateBehavior [ RunTime:0.004862s ]
INFO: [ view_parse ] --END-- [ RunTime:0.004889s ]
INFO: [ view_filter ] --START--
INFO: Run Behavior\WriteHtmlCacheBehavior [ RunTime:0.000103s ]
INFO: [ view_filter ] --END-- [ RunTime:0.000117s ]
INFO: [ app_end ] --START--
INFO: Run Behavior\ShowPageTraceBehavior [ RunTime:0.000294s ]
INFO: [ app_end ] --END-- [ RunTime:0.000311s ]

[ 2017-03-08T20:11:12+08:00 ] ::1 /chacode/index.php?s=/Admin/Index/index
INFO: [ app_init ] --START--
INFO: Run Behavior\BuildLiteBehavior [ RunTime:0.000006s ]
INFO: [ app_init ] --END-- [ RunTime:0.000195s ]
INFO: [ app_begin ] --START--
INFO: Run Behavior\ReadHtmlCacheBehavior [ RunTime:0.000229s ]
INFO: [ app_begin ] --END-- [ RunTime:0.000249s ]
SQL: SHOW COLUMNS FROM `code_basic` [ RunTime:0.002814s ]
ERR: 1146:Table 'chacode.code_basic' doesn't exist
 [ SQL语句 ] : SHOW COLUMNS FROM `code_basic`
INFO: [ view_parse ] --START--
INFO: [ template_filter ] --START--
INFO: Run Behavior\ContentReplaceBehavior [ RunTime:0.000116s ]
INFO: [ template_filter ] --END-- [ RunTime:0.000277s ]
INFO: Run Behavior\ParseTemplateBehavior [ RunTime:0.005330s ]
INFO: [ view_parse ] --END-- [ RunTime:0.005366s ]
INFO: [ view_filter ] --START--
INFO: Run Behavior\WriteHtmlCacheBehavior [ RunTime:0.000140s ]
INFO: [ view_filter ] --END-- [ RunTime:0.000162s ]
INFO: [ app_end ] --START--
INFO: Run Behavior\ShowPageTraceBehavior [ RunTime:0.000476s ]
INFO: [ app_end ] --END-- [ RunTime:0.000505s ]

[ 2017-03-08T20:11:12+08:00 ] ::1 /chacode/index.php?s=/Admin/Index/top
INFO: [ app_init ] --START--
INFO: Run Behavior\BuildLiteBehavior [ RunTime:0.000011s ]
INFO: [ app_init ] --END-- [ RunTime:0.000319s ]
INFO: [ app_begin ] --START--
INFO: Run Behavior\ReadHtmlCacheBehavior [ RunTime:0.000398s ]
INFO: [ app_begin ] --END-- [ RunTime:0.000432s ]
SQL: SHOW COLUMNS FROM `code_basic` [ RunTime:0.002074s ]
ERR: 1146:Table 'chacode.code_basic' doesn't exist
 [ SQL语句 ] : SHOW COLUMNS FROM `code_basic`
INFO: [ view_parse ] --START--
INFO: [ template_filter ] --START--
INFO: Run Behavior\ContentReplaceBehavior [ RunTime:0.000015s ]
INFO: [ template_filter ] --END-- [ RunTime:0.000035s ]
INFO: Run Behavior\ParseTemplateBehavior [ RunTime:0.001252s ]
INFO: [ view_parse ] --END-- [ RunTime:0.001273s ]
INFO: [ view_filter ] --START--
INFO: Run Behavior\WriteHtmlCacheBehavior [ RunTime:0.000075s ]
INFO: [ view_filter ] --END-- [ RunTime:0.000089s ]
INFO: [ app_end ] --START--
INFO: Run Behavior\ShowPageTraceBehavior [ RunTime:0.000261s ]
INFO: [ app_end ] --END-- [ RunTime:0.000276s ]

[ 2017-03-08T20:11:12+08:00 ] ::1 /chacode/index.php?s=/Admin/Index/left
INFO: [ app_init ] --START--
INFO: Run Behavior\BuildLiteBehavior [ RunTime:0.000013s ]
INFO: [ app_init ] --END-- [ RunTime:0.000414s ]
INFO: [ app_begin ] --START--
INFO: Run Behavior\ReadHtmlCacheBehavior [ RunTime:0.000433s ]
INFO: [ app_begin ] --END-- [ RunTime:0.000472s ]
SQL: SHOW COLUMNS FROM `code_basic` [ RunTime:0.001569s ]
ERR: 1146:Table 'chacode.code_basic' doesn't exist
 [ SQL语句 ] : SHOW COLUMNS FROM `code_basic`
INFO: [ view_parse ] --START--
INFO: [ template_filter ] --START--
INFO: Run Behavior\ContentReplaceBehavior [ RunTime:0.000077s ]
INFO: [ template_filter ] --END-- [ RunTime:0.000123s ]
INFO: Run Behavior\ParseTemplateBehavior [ RunTime:0.004213s ]
INFO: [ view_parse ] --END-- [ RunTime:0.004243s ]
INFO: [ view_filter ] --START--
INFO: Run Behavior\WriteHtmlCacheBehavior [ RunTime:0.000108s ]
INFO: [ view_filter ] --END-- [ RunTime:0.000125s ]
INFO: [ app_end ] --START--
INFO: Run Behavior\ShowPageTraceBehavior [ RunTime:0.000341s ]
INFO: [ app_end ] --END-- [ RunTime:0.000360s ]

[ 2017-03-08T20:11:12+08:00 ] ::1 /chacode/index.php?s=/Admin/Order/orderlist
INFO: [ app_init ] --START--
INFO: Run Behavior\BuildLiteBehavior [ RunTime:0.000010s ]
INFO: [ app_init ] --END-- [ RunTime:0.000319s ]
INFO: [ app_begin ] --START--
INFO: Run Behavior\ReadHtmlCacheBehavior [ RunTime:0.000290s ]
INFO: [ app_begin ] --END-- [ RunTime:0.000318s ]
SQL: SHOW COLUMNS FROM `code_ordadd` [ RunTime:0.001885s ]
ERR: 1146:Table 'chacode.code_ordadd' doesn't exist
 [ SQL语句 ] : SHOW COLUMNS FROM `code_ordadd`
SQL: SHOW COLUMNS FROM `code_orgood` [ RunTime:0.001837s ]
ERR: 1146:Table 'chacode.code_orgood' doesn't exist
 [ SQL语句 ] : SHOW COLUMNS FROM `code_orgood`
NOTIC: [8] Undefined index: type /Applications/XAMPP/xamppfiles/htdocs/chacode/Application/Admin/Controller/OrderController.class.php 第 38 行.
NOTIC: [8] Undefined index: ordname /Applications/XAMPP/xamppfiles/htdocs/chacode/Application/Admin/Controller/OrderController.class.php 第 40 行.
NOTIC: [8] Undefined index: addname /Applications/XAMPP/xamppfiles/htdocs/chacode/Application/Admin/Controller/OrderController.class.php 第 41 行.
NOTIC: [8] Undefined index: tel /Applications/XAMPP/xamppfiles/htdocs/chacode/Application/Admin/Controller/OrderController.class.php 第 42 行.
SQL: SELECT COUNT(*) AS tp_count FROM `code_ordadd` WHERE ( `type` <> 9 ) LIMIT 1   [ RunTime:0.000214s ]
ERR: 1146:Table 'chacode.code_ordadd' doesn't exist
 [ SQL语句 ] : SELECT COUNT(*) AS tp_count FROM `code_ordadd` WHERE ( `type` <> 9 ) LIMIT 1  
NOTIC: [8] Undefined variable: parameter /Applications/XAMPP/xamppfiles/htdocs/chacode/Application/Admin/Controller/OrderController.class.php 第 61 行.
SQL: SELECT * FROM `code_ordadd` WHERE ( `type` <> 9 ) ORDER BY update_time desc , type asc LIMIT 0,15   [ RunTime:0.000213s ]
ERR: 1146:Table 'chacode.code_ordadd' doesn't exist
 [ SQL语句 ] : SELECT * FROM `code_ordadd` WHERE ( `type` <> 9 ) ORDER BY update_time desc , type asc LIMIT 0,15  
INFO: [ view_parse ] --START--
INFO: [ template_filter ] --START--
INFO: Run Behavior\ContentReplaceBehavior [ RunTime:0.000057s ]
INFO: [ template_filter ] --END-- [ RunTime:0.000085s ]
NOTIC: [8] Undefined variable: tab_type /Applications/XAMPP/xamppfiles/htdocs/chacode/Application/Runtime/Cache/Admin/8152765a2197b3666aff95d9a9c81666.php 第 18 行.
NOTIC: [8] Undefined variable: tab_type /Applications/XAMPP/xamppfiles/htdocs/chacode/Application/Runtime/Cache/Admin/8152765a2197b3666aff95d9a9c81666.php 第 19 行.
NOTIC: [8] Undefined variable: tab_type /Applications/XAMPP/xamppfiles/htdocs/chacode/Application/Runtime/Cache/Admin/8152765a2197b3666aff95d9a9c81666.php 第 20 行.
NOTIC: [8] Undefined variable: tab_type /Applications/XAMPP/xamppfiles/htdocs/chacode/Application/Runtime/Cache/Admin/8152765a2197b3666aff95d9a9c81666.php 第 21 行.
NOTIC: [8] Undefined index: ordname /Applications/XAMPP/xamppfiles/htdocs/chacode/Application/Runtime/Cache/Admin/8152765a2197b3666aff95d9a9c81666.php 第 28 行.
NOTIC: [8] Undefined index: addname /Applications/XAMPP/xamppfiles/htdocs/chacode/Application/Runtime/Cache/Admin/8152765a2197b3666aff95d9a9c81666.php 第 29 行.
NOTIC: [8] Undefined index: tel /Applications/XAMPP/xamppfiles/htdocs/chacode/Application/Runtime/Cache/Admin/8152765a2197b3666aff95d9a9c81666.php 第 30 行.
NOTIC: [8] Undefined index: type /Applications/XAMPP/xamppfiles/htdocs/chacode/Application/Runtime/Cache/Admin/8152765a2197b3666aff95d9a9c81666.php 第 34 行.
NOTIC: [8] Undefined index: type /Applications/XAMPP/xamppfiles/htdocs/chacode/Application/Runtime/Cache/Admin/8152765a2197b3666aff95d9a9c81666.php 第 35 行.
NOTIC: [8] Undefined index: type /Applications/XAMPP/xamppfiles/htdocs/chacode/Application/Runtime/Cache/Admin/8152765a2197b3666aff95d9a9c81666.php 第 36 行.
NOTIC: [8] Undefined index: type /Applications/XAMPP/xamppfiles/htdocs/chacode/Application/Runtime/Cache/Admin/8152765a2197b3666aff95d9a9c81666.php 第 37 行.
INFO: Run Behavior\ParseTemplateBehavior [ RunTime:0.007164s ]
INFO: [ view_parse ] --END-- [ RunTime:0.007194s ]
INFO: [ view_filter ] --START--
INFO: Run Behavior\WriteHtmlCacheBehavior [ RunTime:0.000191s ]
INFO: [ view_filter ] --END-- [ RunTime:0.000220s ]
INFO: [ app_end ] --START--
INFO: Run Behavior\ShowPageTraceBehavior [ RunTime:0.000547s ]
INFO: [ app_end ] --END-- [ RunTime:0.000598s ]

[ 2017-03-08T20:11:19+08:00 ] ::1 /chacode/index.php?s=/Admin/Goods/GoodsList
INFO: [ app_init ] --START--
INFO: Run Behavior\BuildLiteBehavior [ RunTime:0.000006s ]
INFO: [ app_init ] --END-- [ RunTime:0.000178s ]
INFO: [ app_begin ] --START--
INFO: Run Behavior\ReadHtmlCacheBehavior [ RunTime:0.000349s ]
INFO: [ app_begin ] --END-- [ RunTime:0.000388s ]
SQL: SHOW COLUMNS FROM `code_good` [ RunTime:0.003432s ]
SQL: SELECT COUNT(*) AS tp_count FROM `code_good` WHERE ( `status` <> '9' ) LIMIT 1   [ RunTime:0.000314s ]
SQL: SELECT * FROM `code_good` WHERE ( `status` <> '9' ) LIMIT 0,15   [ RunTime:0.000291s ]
INFO: [ view_parse ] --START--
INFO: [ template_filter ] --START--
INFO: Run Behavior\ContentReplaceBehavior [ RunTime:0.000036s ]
INFO: [ template_filter ] --END-- [ RunTime:0.000058s ]
INFO: Run Behavior\ParseTemplateBehavior [ RunTime:0.004553s ]
INFO: [ view_parse ] --END-- [ RunTime:0.004600s ]
INFO: [ view_filter ] --START--
INFO: Run Behavior\WriteHtmlCacheBehavior [ RunTime:0.000171s ]
INFO: [ view_filter ] --END-- [ RunTime:0.000197s ]
INFO: [ app_end ] --START--
INFO: Run Behavior\ShowPageTraceBehavior [ RunTime:0.000568s ]
INFO: [ app_end ] --END-- [ RunTime:0.000605s ]

[ 2017-03-08T20:12:17+08:00 ] ::1 /chacode/index.php?s=/Admin/Goods/GoodsList
INFO: [ app_init ] --START--
INFO: Run Behavior\BuildLiteBehavior [ RunTime:0.000007s ]
INFO: [ app_init ] --END-- [ RunTime:0.000188s ]
INFO: [ app_begin ] --START--
INFO: Run Behavior\ReadHtmlCacheBehavior [ RunTime:0.000232s ]
INFO: [ app_begin ] --END-- [ RunTime:0.000252s ]
SQL: SHOW COLUMNS FROM `code_good` [ RunTime:0.003265s ]
SQL: SELECT COUNT(*) AS tp_count FROM `code_good` WHERE ( `status` <> '9' ) LIMIT 1   [ RunTime:0.000300s ]
SQL: SELECT * FROM `code_good` WHERE ( `status` <> '9' ) LIMIT 0,15   [ RunTime:0.000288s ]
INFO: [ view_parse ] --START--
INFO: [ template_filter ] --START--
INFO: Run Behavior\ContentReplaceBehavior [ RunTime:0.000041s ]
INFO: [ template_filter ] --END-- [ RunTime:0.000066s ]
INFO: Run Behavior\ParseTemplateBehavior [ RunTime:0.004910s ]
INFO: [ view_parse ] --END-- [ RunTime:0.004956s ]
INFO: [ view_filter ] --START--
INFO: Run Behavior\WriteHtmlCacheBehavior [ RunTime:0.000201s ]
INFO: [ view_filter ] --END-- [ RunTime:0.000228s ]
INFO: [ app_end ] --START--
INFO: Run Behavior\ShowPageTraceBehavior [ RunTime:0.000472s ]
INFO: [ app_end ] --END-- [ RunTime:0.000500s ]

[ 2017-03-08T20:12:31+08:00 ] ::1 /chacode/index.php?s=/Admin/Goods/goodsAdd
INFO: [ app_init ] --START--
INFO: Run Behavior\BuildLiteBehavior [ RunTime:0.000006s ]
INFO: [ app_init ] --END-- [ RunTime:0.000179s ]
INFO: [ app_begin ] --START--
INFO: Run Behavior\ReadHtmlCacheBehavior [ RunTime:0.000227s ]
INFO: [ app_begin ] --END-- [ RunTime:0.000248s ]
SQL: SHOW COLUMNS FROM `code_good` [ RunTime:0.003530s ]
SQL: SHOW COLUMNS FROM `code_gcate` [ RunTime:0.001934s ]
ERR: 1146:Table 'chacode.code_gcate' doesn't exist
 [ SQL语句 ] : SHOW COLUMNS FROM `code_gcate`
SQL: SELECT * FROM `code_gcate` WHERE ( `id` NOT IN ('5','6','7') ) AND ( `status` <> '9' )  [ RunTime:0.000229s ]
ERR: 1146:Table 'chacode.code_gcate' doesn't exist
 [ SQL语句 ] : SELECT * FROM `code_gcate` WHERE ( `id` NOT IN ('5','6','7') ) AND ( `status` <> '9' ) 
INFO: [ view_parse ] --START--
INFO: [ template_filter ] --START--
INFO: Run Behavior\ContentReplaceBehavior [ RunTime:0.000029s ]
INFO: [ template_filter ] --END-- [ RunTime:0.000054s ]
INFO: Run Behavior\ParseTemplateBehavior [ RunTime:0.003790s ]
INFO: [ view_parse ] --END-- [ RunTime:0.003822s ]
INFO: [ view_filter ] --START--
INFO: Run Behavior\WriteHtmlCacheBehavior [ RunTime:0.000082s ]
INFO: [ view_filter ] --END-- [ RunTime:0.000096s ]
INFO: [ app_end ] --START--
INFO: Run Behavior\ShowPageTraceBehavior [ RunTime:0.000286s ]
INFO: [ app_end ] --END-- [ RunTime:0.000303s ]

[ 2017-03-08T20:12:32+08:00 ] ::1 /chacode/index.php?s=/Admin/Goods/goodsList
INFO: [ app_init ] --START--
INFO: Run Behavior\BuildLiteBehavior [ RunTime:0.000006s ]
INFO: [ app_init ] --END-- [ RunTime:0.000177s ]
INFO: [ app_begin ] --START--
INFO: Run Behavior\ReadHtmlCacheBehavior [ RunTime:0.000221s ]
INFO: [ app_begin ] --END-- [ RunTime:0.000242s ]
SQL: SHOW COLUMNS FROM `code_good` [ RunTime:0.003634s ]
SQL: SELECT COUNT(*) AS tp_count FROM `code_good` WHERE ( `status` <> '9' ) LIMIT 1   [ RunTime:0.000360s ]
SQL: SELECT * FROM `code_good` WHERE ( `status` <> '9' ) LIMIT 0,15   [ RunTime:0.000306s ]
INFO: [ view_parse ] --START--
INFO: [ template_filter ] --START--
INFO: Run Behavior\ContentReplaceBehavior [ RunTime:0.000037s ]
INFO: [ template_filter ] --END-- [ RunTime:0.000062s ]
INFO: Run Behavior\ParseTemplateBehavior [ RunTime:0.004684s ]
INFO: [ view_parse ] --END-- [ RunTime:0.004817s ]
INFO: [ view_filter ] --START--
INFO: Run Behavior\WriteHtmlCacheBehavior [ RunTime:0.000164s ]
INFO: [ view_filter ] --END-- [ RunTime:0.000188s ]
INFO: [ app_end ] --START--
INFO: Run Behavior\ShowPageTraceBehavior [ RunTime:0.000459s ]
INFO: [ app_end ] --END-- [ RunTime:0.000488s ]

[ 2017-03-08T20:24:19+08:00 ] ::1 /chacode/index.php?s=/Admin/Goods/GoodsList
INFO: [ app_init ] --START--
INFO: Run Behavior\BuildLiteBehavior [ RunTime:0.000006s ]
INFO: [ app_init ] --END-- [ RunTime:0.000183s ]
INFO: [ app_begin ] --START--
INFO: Run Behavior\ReadHtmlCacheBehavior [ RunTime:0.000225s ]
INFO: [ app_begin ] --END-- [ RunTime:0.000246s ]
SQL: SHOW COLUMNS FROM `code_good` [ RunTime:0.003665s ]
SQL: SELECT COUNT(*) AS tp_count FROM `code_good` WHERE ( `status` <> '9' ) LIMIT 1   [ RunTime:0.000308s ]
SQL: SELECT * FROM `code_good` WHERE ( `status` <> '9' ) LIMIT 0,15   [ RunTime:0.000372s ]
INFO: [ view_parse ] --START--
INFO: [ template_filter ] --START--
INFO: Run Behavior\ContentReplaceBehavior [ RunTime:0.000036s ]
INFO: [ template_filter ] --END-- [ RunTime:0.000058s ]
INFO: Run Behavior\ParseTemplateBehavior [ RunTime:0.003469s ]
INFO: [ view_parse ] --END-- [ RunTime:0.003491s ]
INFO: [ view_filter ] --START--
INFO: Run Behavior\WriteHtmlCacheBehavior [ RunTime:0.000084s ]
INFO: [ view_filter ] --END-- [ RunTime:0.000098s ]
INFO: [ app_end ] --START--
INFO: Run Behavior\ShowPageTraceBehavior [ RunTime:0.000286s ]
INFO: [ app_end ] --END-- [ RunTime:0.000303s ]

[ 2017-03-08T20:24:21+08:00 ] ::1 /chacode/index.php?s=/Admin/Goods/goodsAdd
INFO: [ app_init ] --START--
INFO: Run Behavior\BuildLiteBehavior [ RunTime:0.000009s ]
INFO: [ app_init ] --END-- [ RunTime:0.000277s ]
INFO: [ app_begin ] --START--
INFO: Run Behavior\ReadHtmlCacheBehavior [ RunTime:0.000255s ]
INFO: [ app_begin ] --END-- [ RunTime:0.000277s ]
SQL: SHOW COLUMNS FROM `code_good` [ RunTime:0.001822s ]
INFO: [ view_parse ] --START--
INFO: [ template_filter ] --START--
INFO: Run Behavior\ContentReplaceBehavior [ RunTime:0.000028s ]
INFO: [ template_filter ] --END-- [ RunTime:0.000058s ]
INFO: Run Behavior\ParseTemplateBehavior [ RunTime:0.002847s ]
INFO: [ view_parse ] --END-- [ RunTime:0.002869s ]
INFO: [ view_filter ] --START--
INFO: Run Behavior\WriteHtmlCacheBehavior [ RunTime:0.000086s ]
INFO: [ view_filter ] --END-- [ RunTime:0.000100s ]
INFO: [ app_end ] --START--
INFO: Run Behavior\ShowPageTraceBehavior [ RunTime:0.000307s ]
INFO: [ app_end ] --END-- [ RunTime:0.000324s ]

[ 2017-03-08T20:24:45+08:00 ] ::1 /chacode/index.php?s=/Admin/Goods/goodsAdd
INFO: [ app_init ] --START--
INFO: Run Behavior\BuildLiteBehavior [ RunTime:0.000008s ]
INFO: [ app_init ] --END-- [ RunTime:0.000251s ]
INFO: [ app_begin ] --START--
INFO: Run Behavior\ReadHtmlCacheBehavior [ RunTime:0.000251s ]
INFO: [ app_begin ] --END-- [ RunTime:0.000277s ]
SQL: SHOW COLUMNS FROM `code_good` [ RunTime:0.003681s ]
SQL: INSERT INTO `code_good` (`name`,`pic`,`company`,`ctime`,`creatcode`,`status`) VALUES ('茶化石','Uploads/goods/201703/58bff80d8b3b1.png','茶化石有限公司',1488975885,'20170303',0) [ RunTime:0.001578s ]
INFO: [ view_parse ] --START--
INFO: [ template_filter ] --START--
INFO: Run Behavior\ContentReplaceBehavior [ RunTime:0.000032s ]
INFO: [ template_filter ] --END-- [ RunTime:0.000059s ]
INFO: Run Behavior\ParseTemplateBehavior [ RunTime:0.004776s ]
INFO: [ view_parse ] --END-- [ RunTime:0.004801s ]
INFO: [ view_filter ] --START--
INFO: Run Behavior\WriteHtmlCacheBehavior [ RunTime:0.000083s ]
INFO: [ view_filter ] --END-- [ RunTime:0.000096s ]
INFO: [ app_end ] --START--
INFO: Run Behavior\ShowPageTraceBehavior [ RunTime:0.000292s ]
INFO: [ app_end ] --END-- [ RunTime:0.000309s ]

[ 2017-03-08T20:24:46+08:00 ] ::1 /chacode/index.php?s=/Admin/Goods/goodsList
INFO: [ app_init ] --START--
INFO: Run Behavior\BuildLiteBehavior [ RunTime:0.000006s ]
INFO: [ app_init ] --END-- [ RunTime:0.000188s ]
INFO: [ app_begin ] --START--
INFO: Run Behavior\ReadHtmlCacheBehavior [ RunTime:0.000219s ]
INFO: [ app_begin ] --END-- [ RunTime:0.000241s ]
SQL: SHOW COLUMNS FROM `code_good` [ RunTime:0.004367s ]
SQL: SELECT COUNT(*) AS tp_count FROM `code_good` WHERE ( `status` <> '9' ) LIMIT 1   [ RunTime:0.000899s ]
SQL: SELECT * FROM `code_good` WHERE ( `status` <> '9' ) LIMIT 0,15   [ RunTime:0.000482s ]
INFO: [ view_parse ] --START--
INFO: [ template_filter ] --START--
INFO: Run Behavior\ContentReplaceBehavior [ RunTime:0.000073s ]
INFO: [ template_filter ] --END-- [ RunTime:0.000124s ]
NOTIC: [8] Undefined index: gid /Applications/XAMPP/xamppfiles/htdocs/chacode/Application/Runtime/Cache/Admin/3268fbbbd0eb3ffe30140f78ff508f86.php 第 56 行.
INFO: Run Behavior\ParseTemplateBehavior [ RunTime:0.007873s ]
INFO: [ view_parse ] --END-- [ RunTime:0.007913s ]
INFO: [ view_filter ] --START--
INFO: Run Behavior\WriteHtmlCacheBehavior [ RunTime:0.000182s ]
INFO: [ view_filter ] --END-- [ RunTime:0.000210s ]
INFO: [ app_end ] --START--
INFO: Run Behavior\ShowPageTraceBehavior [ RunTime:0.000585s ]
INFO: [ app_end ] --END-- [ RunTime:0.000619s ]

[ 2017-03-08T20:35:06+08:00 ] ::1 /chacode/index.php?s=/Admin/Goods/goodsEdit/id/1
INFO: [ app_init ] --START--
INFO: Run Behavior\BuildLiteBehavior [ RunTime:0.000007s ]
INFO: [ app_init ] --END-- [ RunTime:0.000201s ]
INFO: [ app_begin ] --START--
INFO: Run Behavior\ReadHtmlCacheBehavior [ RunTime:0.000251s ]
INFO: [ app_begin ] --END-- [ RunTime:0.000274s ]
SQL: SHOW COLUMNS FROM `code_good` [ RunTime:0.002246s ]
SQL: SELECT * FROM `code_good` WHERE ( `id` = 1 )  [ RunTime:0.000252s ]
INFO: [ view_parse ] --START--
INFO: [ template_filter ] --START--
INFO: Run Behavior\ContentReplaceBehavior [ RunTime:0.000040s ]
INFO: [ template_filter ] --END-- [ RunTime:0.000075s ]
INFO: Run Behavior\ParseTemplateBehavior [ RunTime:0.003253s ]
INFO: [ view_parse ] --END-- [ RunTime:0.003280s ]
INFO: [ view_filter ] --START--
INFO: Run Behavior\WriteHtmlCacheBehavior [ RunTime:0.000100s ]
INFO: [ view_filter ] --END-- [ RunTime:0.000115s ]
INFO: [ app_end ] --START--
INFO: Run Behavior\ShowPageTraceBehavior [ RunTime:0.000317s ]
INFO: [ app_end ] --END-- [ RunTime:0.000335s ]

[ 2017-03-08T20:35:10+08:00 ] ::1 /chacode/index.php?s=/Admin/Goods/goodsEdit/id/1
INFO: [ app_init ] --START--
INFO: Run Behavior\BuildLiteBehavior [ RunTime:0.000006s ]
INFO: [ app_init ] --END-- [ RunTime:0.000177s ]
INFO: [ app_begin ] --START--
INFO: Run Behavior\ReadHtmlCacheBehavior [ RunTime:0.000218s ]
INFO: [ app_begin ] --END-- [ RunTime:0.000239s ]
SQL: SHOW COLUMNS FROM `code_good` [ RunTime:0.002494s ]
SQL: UPDATE `code_good` SET `name`='茶化石',`company`='茶化石有限公',`creatcode`='20170303' WHERE ( `id` = 1 ) [ RunTime:0.003159s ]
INFO: [ view_parse ] --START--
INFO: [ template_filter ] --START--
INFO: Run Behavior\ContentReplaceBehavior [ RunTime:0.000029s ]
INFO: [ template_filter ] --END-- [ RunTime:0.000052s ]
INFO: Run Behavior\ParseTemplateBehavior [ RunTime:0.002753s ]
INFO: [ view_parse ] --END-- [ RunTime:0.002774s ]
INFO: [ view_filter ] --START--
INFO: Run Behavior\WriteHtmlCacheBehavior [ RunTime:0.000075s ]
INFO: [ view_filter ] --END-- [ RunTime:0.000089s ]
INFO: [ app_end ] --START--
INFO: Run Behavior\ShowPageTraceBehavior [ RunTime:0.000276s ]
INFO: [ app_end ] --END-- [ RunTime:0.000294s ]

[ 2017-03-08T20:35:12+08:00 ] ::1 /chacode/index.php?s=/Admin/Goods/goodsList
INFO: [ app_init ] --START--
INFO: Run Behavior\BuildLiteBehavior [ RunTime:0.000008s ]
INFO: [ app_init ] --END-- [ RunTime:0.000225s ]
INFO: [ app_begin ] --START--
INFO: Run Behavior\ReadHtmlCacheBehavior [ RunTime:0.000252s ]
INFO: [ app_begin ] --END-- [ RunTime:0.000277s ]
SQL: SHOW COLUMNS FROM `code_good` [ RunTime:0.002304s ]
SQL: SELECT COUNT(*) AS tp_count FROM `code_good` WHERE ( `status` <> '9' ) LIMIT 1   [ RunTime:0.000295s ]
SQL: SELECT * FROM `code_good` WHERE ( `status` <> '9' ) LIMIT 0,15   [ RunTime:0.000300s ]
INFO: [ view_parse ] --START--
INFO: [ template_filter ] --START--
INFO: Run Behavior\ContentReplaceBehavior [ RunTime:0.000067s ]
INFO: [ template_filter ] --END-- [ RunTime:0.000126s ]
NOTIC: [8] Undefined index: gid /Applications/XAMPP/xamppfiles/htdocs/chacode/Application/Runtime/Cache/Admin/3268fbbbd0eb3ffe30140f78ff508f86.php 第 56 行.
INFO: Run Behavior\ParseTemplateBehavior [ RunTime:0.005557s ]
INFO: [ view_parse ] --END-- [ RunTime:0.005585s ]
INFO: [ view_filter ] --START--
INFO: Run Behavior\WriteHtmlCacheBehavior [ RunTime:0.000125s ]
INFO: [ view_filter ] --END-- [ RunTime:0.000159s ]
INFO: [ app_end ] --START--
INFO: Run Behavior\ShowPageTraceBehavior [ RunTime:0.000333s ]
INFO: [ app_end ] --END-- [ RunTime:0.000349s ]

[ 2017-03-08T20:35:14+08:00 ] ::1 /chacode/index.php?s=/Admin/Goods/goodsEdit/id/1
INFO: [ app_init ] --START--
INFO: Run Behavior\BuildLiteBehavior [ RunTime:0.000032s ]
INFO: [ app_init ] --END-- [ RunTime:0.000402s ]
INFO: [ app_begin ] --START--
INFO: Run Behavior\ReadHtmlCacheBehavior [ RunTime:0.000435s ]
INFO: [ app_begin ] --END-- [ RunTime:0.000502s ]
SQL: SHOW COLUMNS FROM `code_good` [ RunTime:0.002420s ]
SQL: SELECT * FROM `code_good` WHERE ( `id` = 1 )  [ RunTime:0.000299s ]
INFO: [ view_parse ] --START--
INFO: [ template_filter ] --START--
INFO: Run Behavior\ContentReplaceBehavior [ RunTime:0.000028s ]
INFO: [ template_filter ] --END-- [ RunTime:0.000051s ]
INFO: Run Behavior\ParseTemplateBehavior [ RunTime:0.002718s ]
INFO: [ view_parse ] --END-- [ RunTime:0.002739s ]
INFO: [ view_filter ] --START--
INFO: Run Behavior\WriteHtmlCacheBehavior [ RunTime:0.000076s ]
INFO: [ view_filter ] --END-- [ RunTime:0.000090s ]
INFO: [ app_end ] --START--
INFO: Run Behavior\ShowPageTraceBehavior [ RunTime:0.000263s ]
INFO: [ app_end ] --END-- [ RunTime:0.000279s ]

[ 2017-03-08T20:35:18+08:00 ] ::1 /chacode/index.php?s=/Admin/Goods/goodsEdit/id/1
INFO: [ app_init ] --START--
INFO: Run Behavior\BuildLiteBehavior [ RunTime:0.000007s ]
INFO: [ app_init ] --END-- [ RunTime:0.000219s ]
INFO: [ app_begin ] --START--
INFO: Run Behavior\ReadHtmlCacheBehavior [ RunTime:0.000247s ]
INFO: [ app_begin ] --END-- [ RunTime:0.000271s ]
SQL: SHOW COLUMNS FROM `code_good` [ RunTime:0.002114s ]
SQL: UPDATE `code_good` SET `name`='茶化石',`company`='茶化石有限公',`creatcode`='20170308' WHERE ( `id` = 1 ) [ RunTime:0.000998s ]
INFO: [ view_parse ] --START--
INFO: [ template_filter ] --START--
INFO: Run Behavior\ContentReplaceBehavior [ RunTime:0.000034s ]
INFO: [ template_filter ] --END-- [ RunTime:0.000068s ]
INFO: Run Behavior\ParseTemplateBehavior [ RunTime:0.003730s ]
INFO: [ view_parse ] --END-- [ RunTime:0.003759s ]
INFO: [ view_filter ] --START--
INFO: Run Behavior\WriteHtmlCacheBehavior [ RunTime:0.000106s ]
INFO: [ view_filter ] --END-- [ RunTime:0.000121s ]
INFO: [ app_end ] --START--
INFO: Run Behavior\ShowPageTraceBehavior [ RunTime:0.000295s ]
INFO: [ app_end ] --END-- [ RunTime:0.000314s ]

[ 2017-03-08T20:35:19+08:00 ] ::1 /chacode/index.php?s=/Admin/Goods/goodsList
INFO: [ app_init ] --START--
INFO: Run Behavior\BuildLiteBehavior [ RunTime:0.000006s ]
INFO: [ app_init ] --END-- [ RunTime:0.000176s ]
INFO: [ app_begin ] --START--
INFO: Run Behavior\ReadHtmlCacheBehavior [ RunTime:0.000220s ]
INFO: [ app_begin ] --END-- [ RunTime:0.000241s ]
SQL: SHOW COLUMNS FROM `code_good` [ RunTime:0.002089s ]
SQL: SELECT COUNT(*) AS tp_count FROM `code_good` WHERE ( `status` <> '9' ) LIMIT 1   [ RunTime:0.000307s ]
SQL: SELECT * FROM `code_good` WHERE ( `status` <> '9' ) LIMIT 0,15   [ RunTime:0.000296s ]
INFO: [ view_parse ] --START--
INFO: [ template_filter ] --START--
INFO: Run Behavior\ContentReplaceBehavior [ RunTime:0.000036s ]
INFO: [ template_filter ] --END-- [ RunTime:0.000059s ]
NOTIC: [8] Undefined index: gid /Applications/XAMPP/xamppfiles/htdocs/chacode/Application/Runtime/Cache/Admin/3268fbbbd0eb3ffe30140f78ff508f86.php 第 56 行.
INFO: Run Behavior\ParseTemplateBehavior [ RunTime:0.003317s ]
INFO: [ view_parse ] --END-- [ RunTime:0.003337s ]
INFO: [ view_filter ] --START--
INFO: Run Behavior\WriteHtmlCacheBehavior [ RunTime:0.000079s ]
INFO: [ view_filter ] --END-- [ RunTime:0.000092s ]
INFO: [ app_end ] --START--
INFO: Run Behavior\ShowPageTraceBehavior [ RunTime:0.000262s ]
INFO: [ app_end ] --END-- [ RunTime:0.000279s ]

[ 2017-03-08T20:35:28+08:00 ] ::1 /chacode/index.php?s=/Admin/Order/orderlist
INFO: [ app_init ] --START--
INFO: Run Behavior\BuildLiteBehavior [ RunTime:0.000007s ]
INFO: [ app_init ] --END-- [ RunTime:0.000194s ]
INFO: [ app_begin ] --START--
INFO: Run Behavior\ReadHtmlCacheBehavior [ RunTime:0.000227s ]
INFO: [ app_begin ] --END-- [ RunTime:0.000247s ]
SQL: SHOW COLUMNS FROM `code_ordadd` [ RunTime:0.002250s ]
ERR: 1146:Table 'chacode.code_ordadd' doesn't exist
 [ SQL语句 ] : SHOW COLUMNS FROM `code_ordadd`
SQL: SHOW COLUMNS FROM `code_orgood` [ RunTime:0.001881s ]
ERR: 1146:Table 'chacode.code_orgood' doesn't exist
 [ SQL语句 ] : SHOW COLUMNS FROM `code_orgood`
NOTIC: [8] Undefined index: type /Applications/XAMPP/xamppfiles/htdocs/chacode/Application/Admin/Controller/OrderController.class.php 第 38 行.
NOTIC: [8] Undefined index: ordname /Applications/XAMPP/xamppfiles/htdocs/chacode/Application/Admin/Controller/OrderController.class.php 第 40 行.
NOTIC: [8] Undefined index: addname /Applications/XAMPP/xamppfiles/htdocs/chacode/Application/Admin/Controller/OrderController.class.php 第 41 行.
NOTIC: [8] Undefined index: tel /Applications/XAMPP/xamppfiles/htdocs/chacode/Application/Admin/Controller/OrderController.class.php 第 42 行.
SQL: SELECT COUNT(*) AS tp_count FROM `code_ordadd` WHERE ( `type` <> 9 ) LIMIT 1   [ RunTime:0.000228s ]
ERR: 1146:Table 'chacode.code_ordadd' doesn't exist
 [ SQL语句 ] : SELECT COUNT(*) AS tp_count FROM `code_ordadd` WHERE ( `type` <> 9 ) LIMIT 1  
NOTIC: [8] Undefined variable: parameter /Applications/XAMPP/xamppfiles/htdocs/chacode/Application/Admin/Controller/OrderController.class.php 第 61 行.
SQL: SELECT * FROM `code_ordadd` WHERE ( `type` <> 9 ) ORDER BY update_time desc , type asc LIMIT 0,15   [ RunTime:0.000186s ]
ERR: 1146:Table 'chacode.code_ordadd' doesn't exist
 [ SQL语句 ] : SELECT * FROM `code_ordadd` WHERE ( `type` <> 9 ) ORDER BY update_time desc , type asc LIMIT 0,15  
INFO: [ view_parse ] --START--
INFO: [ template_filter ] --START--
INFO: Run Behavior\ContentReplaceBehavior [ RunTime:0.000071s ]
INFO: [ template_filter ] --END-- [ RunTime:0.000104s ]
NOTIC: [8] Undefined variable: tab_type /Applications/XAMPP/xamppfiles/htdocs/chacode/Application/Runtime/Cache/Admin/8152765a2197b3666aff95d9a9c81666.php 第 18 行.
NOTIC: [8] Undefined variable: tab_type /Applications/XAMPP/xamppfiles/htdocs/chacode/Application/Runtime/Cache/Admin/8152765a2197b3666aff95d9a9c81666.php 第 19 行.
NOTIC: [8] Undefined variable: tab_type /Applications/XAMPP/xamppfiles/htdocs/chacode/Application/Runtime/Cache/Admin/8152765a2197b3666aff95d9a9c81666.php 第 20 行.
NOTIC: [8] Undefined variable: tab_type /Applications/XAMPP/xamppfiles/htdocs/chacode/Application/Runtime/Cache/Admin/8152765a2197b3666aff95d9a9c81666.php 第 21 行.
NOTIC: [8] Undefined index: ordname /Applications/XAMPP/xamppfiles/htdocs/chacode/Application/Runtime/Cache/Admin/8152765a2197b3666aff95d9a9c81666.php 第 28 行.
NOTIC: [8] Undefined index: addname /Applications/XAMPP/xamppfiles/htdocs/chacode/Application/Runtime/Cache/Admin/8152765a2197b3666aff95d9a9c81666.php 第 29 行.
NOTIC: [8] Undefined index: tel /Applications/XAMPP/xamppfiles/htdocs/chacode/Application/Runtime/Cache/Admin/8152765a2197b3666aff95d9a9c81666.php 第 30 行.
NOTIC: [8] Undefined index: type /Applications/XAMPP/xamppfiles/htdocs/chacode/Application/Runtime/Cache/Admin/8152765a2197b3666aff95d9a9c81666.php 第 34 行.
NOTIC: [8] Undefined index: type /Applications/XAMPP/xamppfiles/htdocs/chacode/Application/Runtime/Cache/Admin/8152765a2197b3666aff95d9a9c81666.php 第 35 行.
NOTIC: [8] Undefined index: type /Applications/XAMPP/xamppfiles/htdocs/chacode/Application/Runtime/Cache/Admin/8152765a2197b3666aff95d9a9c81666.php 第 36 行.
NOTIC: [8] Undefined index: type /Applications/XAMPP/xamppfiles/htdocs/chacode/Application/Runtime/Cache/Admin/8152765a2197b3666aff95d9a9c81666.php 第 37 行.
INFO: Run Behavior\ParseTemplateBehavior [ RunTime:0.006189s ]
INFO: [ view_parse ] --END-- [ RunTime:0.006216s ]
INFO: [ view_filter ] --START--
INFO: Run Behavior\WriteHtmlCacheBehavior [ RunTime:0.000162s ]
INFO: [ view_filter ] --END-- [ RunTime:0.000178s ]
INFO: [ app_end ] --START--
INFO: Run Behavior\ShowPageTraceBehavior [ RunTime:0.000293s ]
INFO: [ app_end ] --END-- [ RunTime:0.000310s ]

[ 2017-03-08T20:35:32+08:00 ] ::1 /chacode/index.php?s=/Admin/Order/orderlist
INFO: [ app_init ] --START--
INFO: Run Behavior\BuildLiteBehavior [ RunTime:0.000007s ]
INFO: [ app_init ] --END-- [ RunTime:0.000230s ]
INFO: [ app_begin ] --START--
INFO: Run Behavior\ReadHtmlCacheBehavior [ RunTime:0.000257s ]
INFO: [ app_begin ] --END-- [ RunTime:0.000285s ]
SQL: SHOW COLUMNS FROM `code_ordadd` [ RunTime:0.001899s ]
ERR: 1146:Table 'chacode.code_ordadd' doesn't exist
 [ SQL语句 ] : SHOW COLUMNS FROM `code_ordadd`
SQL: SHOW COLUMNS FROM `code_orgood` [ RunTime:0.001821s ]
ERR: 1146:Table 'chacode.code_orgood' doesn't exist
 [ SQL语句 ] : SHOW COLUMNS FROM `code_orgood`
NOTIC: [8] Undefined index: type /Applications/XAMPP/xamppfiles/htdocs/chacode/Application/Admin/Controller/OrderController.class.php 第 38 行.
NOTIC: [8] Undefined index: ordname /Applications/XAMPP/xamppfiles/htdocs/chacode/Application/Admin/Controller/OrderController.class.php 第 40 行.
NOTIC: [8] Undefined index: addname /Applications/XAMPP/xamppfiles/htdocs/chacode/Application/Admin/Controller/OrderController.class.php 第 41 行.
NOTIC: [8] Undefined index: tel /Applications/XAMPP/xamppfiles/htdocs/chacode/Application/Admin/Controller/OrderController.class.php 第 42 行.
SQL: SELECT COUNT(*) AS tp_count FROM `code_ordadd` WHERE ( `type` <> 9 ) LIMIT 1   [ RunTime:0.000233s ]
ERR: 1146:Table 'chacode.code_ordadd' doesn't exist
 [ SQL语句 ] : SELECT COUNT(*) AS tp_count FROM `code_ordadd` WHERE ( `type` <> 9 ) LIMIT 1  
NOTIC: [8] Undefined variable: parameter /Applications/XAMPP/xamppfiles/htdocs/chacode/Application/Admin/Controller/OrderController.class.php 第 61 行.
SQL: SELECT * FROM `code_ordadd` WHERE ( `type` <> 9 ) ORDER BY update_time desc , type asc LIMIT 0,15   [ RunTime:0.000201s ]
ERR: 1146:Table 'chacode.code_ordadd' doesn't exist
 [ SQL语句 ] : SELECT * FROM `code_ordadd` WHERE ( `type` <> 9 ) ORDER BY update_time desc , type asc LIMIT 0,15  
INFO: [ view_parse ] --START--
INFO: [ template_filter ] --START--
INFO: Run Behavior\ContentReplaceBehavior [ RunTime:0.000052s ]
INFO: [ template_filter ] --END-- [ RunTime:0.000077s ]
NOTIC: [8] Undefined variable: tab_type /Applications/XAMPP/xamppfiles/htdocs/chacode/Application/Runtime/Cache/Admin/8152765a2197b3666aff95d9a9c81666.php 第 18 行.
NOTIC: [8] Undefined variable: tab_type /Applications/XAMPP/xamppfiles/htdocs/chacode/Application/Runtime/Cache/Admin/8152765a2197b3666aff95d9a9c81666.php 第 19 行.
NOTIC: [8] Undefined variable: tab_type /Applications/XAMPP/xamppfiles/htdocs/chacode/Application/Runtime/Cache/Admin/8152765a2197b3666aff95d9a9c81666.php 第 20 行.
NOTIC: [8] Undefined variable: tab_type /Applications/XAMPP/xamppfiles/htdocs/chacode/Application/Runtime/Cache/Admin/8152765a2197b3666aff95d9a9c81666.php 第 21 行.
NOTIC: [8] Undefined index: ordname /Applications/XAMPP/xamppfiles/htdocs/chacode/Application/Runtime/Cache/Admin/8152765a2197b3666aff95d9a9c81666.php 第 28 行.
NOTIC: [8] Undefined index: addname /Applications/XAMPP/xamppfiles/htdocs/chacode/Application/Runtime/Cache/Admin/8152765a2197b3666aff95d9a9c81666.php 第 29 行.
NOTIC: [8] Undefined index: tel /Applications/XAMPP/xamppfiles/htdocs/chacode/Application/Runtime/Cache/Admin/8152765a2197b3666aff95d9a9c81666.php 第 30 行.
NOTIC: [8] Undefined index: type /Applications/XAMPP/xamppfiles/htdocs/chacode/Application/Runtime/Cache/Admin/8152765a2197b3666aff95d9a9c81666.php 第 34 行.
NOTIC: [8] Undefined index: type /Applications/XAMPP/xamppfiles/htdocs/chacode/Application/Runtime/Cache/Admin/8152765a2197b3666aff95d9a9c81666.php 第 35 行.
NOTIC: [8] Undefined index: type /Applications/XAMPP/xamppfiles/htdocs/chacode/Application/Runtime/Cache/Admin/8152765a2197b3666aff95d9a9c81666.php 第 36 行.
NOTIC: [8] Undefined index: type /Applications/XAMPP/xamppfiles/htdocs/chacode/Application/Runtime/Cache/Admin/8152765a2197b3666aff95d9a9c81666.php 第 37 行.
INFO: Run Behavior\ParseTemplateBehavior [ RunTime:0.005065s ]
INFO: [ view_parse ] --END-- [ RunTime:0.005083s ]
INFO: [ view_filter ] --START--
INFO: Run Behavior\WriteHtmlCacheBehavior [ RunTime:0.000086s ]
INFO: [ view_filter ] --END-- [ RunTime:0.000101s ]
INFO: [ app_end ] --START--
INFO: Run Behavior\ShowPageTraceBehavior [ RunTime:0.000386s ]
INFO: [ app_end ] --END-- [ RunTime:0.000418s ]

[ 2017-03-08T20:59:03+08:00 ] ::1 /chacode/index.php?s=/Admin/Order/orderlist
INFO: [ app_init ] --START--
INFO: Run Behavior\BuildLiteBehavior [ RunTime:0.000007s ]
INFO: [ app_init ] --END-- [ RunTime:0.000223s ]
INFO: [ app_begin ] --START--
INFO: Run Behavior\ReadHtmlCacheBehavior [ RunTime:0.000267s ]
INFO: [ app_begin ] --END-- [ RunTime:0.000289s ]
ERR: 无法加载控制器:Order

[ 2017-03-08T20:59:05+08:00 ] ::1 /chacode/index.php?s=/Admin/Order/orderlist
INFO: [ app_init ] --START--
INFO: Run Behavior\BuildLiteBehavior [ RunTime:0.000007s ]
INFO: [ app_init ] --END-- [ RunTime:0.000198s ]
INFO: [ app_begin ] --START--
INFO: Run Behavior\ReadHtmlCacheBehavior [ RunTime:0.000384s ]
INFO: [ app_begin ] --END-- [ RunTime:0.000423s ]
ERR: 无法加载控制器:Order

[ 2017-03-08T20:59:11+08:00 ] ::1 /chacode/index.php?s=/Admin/Index/index
INFO: [ app_init ] --START--
INFO: Run Behavior\BuildLiteBehavior [ RunTime:0.000009s ]
INFO: [ app_init ] --END-- [ RunTime:0.000224s ]
INFO: [ app_begin ] --START--
INFO: Run Behavior\ReadHtmlCacheBehavior [ RunTime:0.000266s ]
INFO: [ app_begin ] --END-- [ RunTime:0.000290s ]
SQL: SHOW COLUMNS FROM `code_basic` [ RunTime:0.002115s ]
ERR: 1146:Table 'chacode.code_basic' doesn't exist
 [ SQL语句 ] : SHOW COLUMNS FROM `code_basic`
INFO: [ view_parse ] --START--
INFO: [ template_filter ] --START--
INFO: Run Behavior\ContentReplaceBehavior [ RunTime:0.000015s ]
INFO: [ template_filter ] --END-- [ RunTime:0.000044s ]
INFO: Run Behavior\ParseTemplateBehavior [ RunTime:0.002842s ]
INFO: [ view_parse ] --END-- [ RunTime:0.002864s ]
INFO: [ view_filter ] --START--
INFO: Run Behavior\WriteHtmlCacheBehavior [ RunTime:0.000091s ]
INFO: [ view_filter ] --END-- [ RunTime:0.000106s ]
INFO: [ app_end ] --START--
INFO: Run Behavior\ShowPageTraceBehavior [ RunTime:0.000310s ]
INFO: [ app_end ] --END-- [ RunTime:0.000328s ]

[ 2017-03-08T20:59:11+08:00 ] ::1 /chacode/index.php?s=/Admin/Index/left
INFO: [ app_init ] --START--
INFO: Run Behavior\BuildLiteBehavior [ RunTime:0.000020s ]
INFO: [ app_init ] --END-- [ RunTime:0.000470s ]
INFO: [ app_begin ] --START--
INFO: Run Behavior\ReadHtmlCacheBehavior [ RunTime:0.000720s ]
INFO: [ app_begin ] --END-- [ RunTime:0.000761s ]
SQL: SHOW COLUMNS FROM `code_basic` [ RunTime:0.001587s ]
ERR: 1146:Table 'chacode.code_basic' doesn't exist
 [ SQL语句 ] : SHOW COLUMNS FROM `code_basic`
INFO: [ view_parse ] --START--
INFO: [ template_filter ] --START--
INFO: Run Behavior\ContentReplaceBehavior [ RunTime:0.000039s ]
INFO: [ template_filter ] --END-- [ RunTime:0.000066s ]
INFO: Run Behavior\ParseTemplateBehavior [ RunTime:0.004997s ]
INFO: [ view_parse ] --END-- [ RunTime:0.005031s ]
INFO: [ view_filter ] --START--
INFO: Run Behavior\WriteHtmlCacheBehavior [ RunTime:0.000094s ]
INFO: [ view_filter ] --END-- [ RunTime:0.000109s ]
INFO: [ app_end ] --START--
INFO: Run Behavior\ShowPageTraceBehavior [ RunTime:0.000314s ]
INFO: [ app_end ] --END-- [ RunTime:0.000335s ]

[ 2017-03-08T20:59:11+08:00 ] ::1 /chacode/index.php?s=/Admin/Index/top
INFO: [ app_init ] --START--
INFO: Run Behavior\BuildLiteBehavior [ RunTime:0.000011s ]
INFO: [ app_init ] --END-- [ RunTime:0.000347s ]
INFO: [ app_begin ] --START--
INFO: Run Behavior\ReadHtmlCacheBehavior [ RunTime:0.000382s ]
INFO: [ app_begin ] --END-- [ RunTime:0.000420s ]
SQL: SHOW COLUMNS FROM `code_basic` [ RunTime:0.001810s ]
ERR: 1146:Table 'chacode.code_basic' doesn't exist
 [ SQL语句 ] : SHOW COLUMNS FROM `code_basic`
INFO: [ view_parse ] --START--
INFO: [ template_filter ] --START--
INFO: Run Behavior\ContentReplaceBehavior [ RunTime:0.000017s ]
INFO: [ template_filter ] --END-- [ RunTime:0.000045s ]
INFO: Run Behavior\ParseTemplateBehavior [ RunTime:0.001446s ]
INFO: [ view_parse ] --END-- [ RunTime:0.001470s ]
INFO: [ view_filter ] --START--
INFO: Run Behavior\WriteHtmlCacheBehavior [ RunTime:0.000092s ]
INFO: [ view_filter ] --END-- [ RunTime:0.000107s ]
INFO: [ app_end ] --START--
INFO: Run Behavior\ShowPageTraceBehavior [ RunTime:0.000295s ]
INFO: [ app_end ] --END-- [ RunTime:0.000313s ]

[ 2017-03-08T20:59:11+08:00 ] ::1 /chacode/index.php?s=/Admin/Order/orderlist
INFO: [ app_init ] --START--
INFO: Run Behavior\BuildLiteBehavior [ RunTime:0.000010s ]
INFO: [ app_init ] --END-- [ RunTime:0.000294s ]
INFO: [ app_begin ] --START--
INFO: Run Behavior\ReadHtmlCacheBehavior [ RunTime:0.000376s ]
INFO: [ app_begin ] --END-- [ RunTime:0.000410s ]
ERR: 无法加载控制器:Order

[ 2017-03-08T20:59:13+08:00 ] ::1 /chacode/index.php?s=/Admin/Company/companyList
INFO: [ app_init ] --START--
INFO: Run Behavior\BuildLiteBehavior [ RunTime:0.000010s ]
INFO: [ app_init ] --END-- [ RunTime:0.000263s ]
INFO: [ app_begin ] --START--
INFO: Run Behavior\ReadHtmlCacheBehavior [ RunTime:0.000285s ]
INFO: [ app_begin ] --END-- [ RunTime:0.000323s ]
SQL: SHOW COLUMNS FROM `code_company` [ RunTime:0.003247s ]
SQL: SELECT COUNT(*) AS tp_count FROM `code_company` WHERE ( `status` <> '9' ) LIMIT 1   [ RunTime:0.000233s ]
SQL: SELECT * FROM `code_company` WHERE ( `status` <> '9' ) LIMIT 0,15   [ RunTime:0.000236s ]
INFO: [ view_parse ] --START--
INFO: [ template_filter ] --START--
INFO: Run Behavior\ContentReplaceBehavior [ RunTime:0.000048s ]
INFO: [ template_filter ] --END-- [ RunTime:0.000074s ]
NOTIC: [8] Undefined variable: tab_type /Applications/XAMPP/xamppfiles/htdocs/chacode/Application/Runtime/Cache/Admin/deefe1a194790eca4a684128b94f9de4.php 第 23 行.
NOTIC: [8] Undefined variable: tab_type /Applications/XAMPP/xamppfiles/htdocs/chacode/Application/Runtime/Cache/Admin/deefe1a194790eca4a684128b94f9de4.php 第 24 行.
NOTIC: [8] Undefined variable: tab_type /Applications/XAMPP/xamppfiles/htdocs/chacode/Application/Runtime/Cache/Admin/deefe1a194790eca4a684128b94f9de4.php 第 25 行.
NOTIC: [8] Undefined variable: tab_type /Applications/XAMPP/xamppfiles/htdocs/chacode/Application/Runtime/Cache/Admin/deefe1a194790eca4a684128b94f9de4.php 第 26 行.
INFO: Run Behavior\ParseTemplateBehavior [ RunTime:0.005016s ]
INFO: [ view_parse ] --END-- [ RunTime:0.005043s ]
INFO: [ view_filter ] --START--
INFO: Run Behavior\WriteHtmlCacheBehavior [ RunTime:0.000155s ]
INFO: [ view_filter ] --END-- [ RunTime:0.000185s ]
INFO: [ app_end ] --START--
INFO: Run Behavior\ShowPageTraceBehavior [ RunTime:0.000315s ]
INFO: [ app_end ] --END-- [ RunTime:0.000333s ]

[ 2017-03-08T20:59:21+08:00 ] ::1 /chacode/index.php?s=/Admin/Company/companyList
INFO: [ app_init ] --START--
INFO: Run Behavior\BuildLiteBehavior [ RunTime:0.000006s ]
INFO: [ app_init ] --END-- [ RunTime:0.000182s ]
INFO: [ app_begin ] --START--
INFO: Run Behavior\ReadHtmlCacheBehavior [ RunTime:0.000267s ]
INFO: [ app_begin ] --END-- [ RunTime:0.000297s ]
SQL: SHOW COLUMNS FROM `code_company` [ RunTime:0.003538s ]
SQL: SELECT COUNT(*) AS tp_count FROM `code_company` WHERE ( `status` <> '9' ) LIMIT 1   [ RunTime:0.000344s ]
SQL: SELECT * FROM `code_company` WHERE ( `status` <> '9' ) LIMIT 0,15   [ RunTime:0.000311s ]
INFO: [ view_parse ] --START--
INFO: [ template_filter ] --START--
INFO: Run Behavior\ContentReplaceBehavior [ RunTime:0.000058s ]
INFO: [ template_filter ] --END-- [ RunTime:0.000097s ]
NOTIC: [8] Undefined variable: tab_type /Applications/XAMPP/xamppfiles/htdocs/chacode/Application/Runtime/Cache/Admin/deefe1a194790eca4a684128b94f9de4.php 第 23 行.
NOTIC: [8] Undefined variable: tab_type /Applications/XAMPP/xamppfiles/htdocs/chacode/Application/Runtime/Cache/Admin/deefe1a194790eca4a684128b94f9de4.php 第 24 行.
NOTIC: [8] Undefined variable: tab_type /Applications/XAMPP/xamppfiles/htdocs/chacode/Application/Runtime/Cache/Admin/deefe1a194790eca4a684128b94f9de4.php 第 25 行.
NOTIC: [8] Undefined variable: tab_type /Applications/XAMPP/xamppfiles/htdocs/chacode/Application/Runtime/Cache/Admin/deefe1a194790eca4a684128b94f9de4.php 第 26 行.
INFO: Run Behavior\ParseTemplateBehavior [ RunTime:0.004632s ]
INFO: [ view_parse ] --END-- [ RunTime:0.004652s ]
INFO: [ view_filter ] --START--
INFO: Run Behavior\WriteHtmlCacheBehavior [ RunTime:0.000091s ]
INFO: [ view_filter ] --END-- [ RunTime:0.000105s ]
INFO: [ app_end ] --START--
INFO: Run Behavior\ShowPageTraceBehavior [ RunTime:0.000296s ]
INFO: [ app_end ] --END-- [ RunTime:0.000319s ]

[ 2017-03-08T20:59:22+08:00 ] ::1 /chacode/index.php?s=/Admin/Order/orderList/type/2
INFO: [ app_init ] --START--
INFO: Run Behavior\BuildLiteBehavior [ RunTime:0.000028s ]
INFO: [ app_init ] --END-- [ RunTime:0.000449s ]
INFO: [ app_begin ] --START--
INFO: Run Behavior\ReadHtmlCacheBehavior [ RunTime:0.000520s ]
INFO: [ app_begin ] --END-- [ RunTime:0.000566s ]
ERR: 无法加载控制器:Order

